<?xml version="1.0" encoding="UTF-8"?>
<!-- Generated by org.testng.reporters.JUnitXMLReporter -->
<testsuite ignored="0" hostname="DESKTOP-TE2PV61" failures="0" tests="3" name="Surefire test" time="7.532" errors="0" timestamp="2026-03-26T08:49:58 BRT">
  <testcase classname="com.dog.DogApiTest" name="deveRetornarImagemAleatoria" time="5.315"/>
  <testcase classname="com.dog.DogApiTest" name="deveRetornarImagensDaRaca" time="0.413"/>
  <testcase classname="com.dog.DogApiTest" name="deveRetornarListaDeTodasAsRacas" time="0.498"/>
</testsuite> <!-- Surefire test -->
