<?xml version="1.0" encoding="UTF-8"?>
<testng-results ignored="0" total="3" passed="3" failed="0" skipped="0">
  <reporter-output>
  </reporter-output>
  <suite started-at="2026-03-26T08:49:50 BRT" name="Surefire suite" finished-at="2026-03-26T08:49:58 BRT" duration-ms="7532">
    <groups>
    </groups>
    <test started-at="2026-03-26T08:49:50 BRT" name="Surefire test" finished-at="2026-03-26T08:49:58 BRT" duration-ms="7532">
      <class name="com.dog.DogApiTest">
        <test-method is-config="true" signature="setUp()[pri:0, instance:com.dog.DogApiTest@7004e3d]" started-at="2026-03-26T08:49:50 BRT" name="setUp" finished-at="2026-03-26T08:49:51 BRT" duration-ms="1022" status="PASS">
          <reporter-output>
          </reporter-output>
        </test-method> <!-- setUp -->
        <test-method signature="deveRetornarImagemAleatoria()[pri:0, instance:com.dog.DogApiTest@7004e3d]" started-at="2026-03-26T08:49:51 BRT" name="deveRetornarImagemAleatoria" description="CT03 - GET /breeds/image/random retorna uma imagem aleatoria" finished-at="2026-03-26T08:49:57 BRT" duration-ms="5315" status="PASS">
          <reporter-output>
          </reporter-output>
        </test-method> <!-- deveRetornarImagemAleatoria -->
        <test-method signature="deveRetornarImagensDaRaca()[pri:0, instance:com.dog.DogApiTest@7004e3d]" started-at="2026-03-26T08:49:57 BRT" name="deveRetornarImagensDaRaca" description="CT02 - GET /breed/{breed}/images retorna imagens de uma raca valida" finished-at="2026-03-26T08:49:57 BRT" duration-ms="413" status="PASS">
          <reporter-output>
          </reporter-output>
        </test-method> <!-- deveRetornarImagensDaRaca -->
        <test-method signature="deveRetornarListaDeTodasAsRacas()[pri:0, instance:com.dog.DogApiTest@7004e3d]" started-at="2026-03-26T08:49:57 BRT" name="deveRetornarListaDeTodasAsRacas" description="CT01 - GET /breeds/list/all retorna status 200 e lista de racas" finished-at="2026-03-26T08:49:58 BRT" duration-ms="498" status="PASS">
          <reporter-output>
          </reporter-output>
        </test-method> <!-- deveRetornarListaDeTodasAsRacas -->
      </class> <!-- com.dog.DogApiTest -->
    </test> <!-- Surefire test -->
  </suite> <!-- Surefire suite -->
</testng-results>
