<?xml version="1.0" encoding="UTF-8"?>
<!-- Generated by org.testng.reporters.JUnitReportReporter -->
<testsuite hostname="DESKTOP-TE2PV61" failures="0" tests="3" name="com.dog.DogApiTest" time="6.226" errors="0" timestamp="2026-03-26T08:49:58 BRT" skipped="0">
  <testcase classname="com.dog.DogApiTest" name="deveRetornarImagemAleatoria" time="5.315"/>
  <testcase classname="com.dog.DogApiTest" name="deveRetornarListaDeTodasAsRacas" time="0.498"/>
  <testcase classname="com.dog.DogApiTest" name="deveRetornarImagensDaRaca" time="0.413"/>
</testsuite> <!-- com.dog.DogApiTest -->
